<?xml version="1.0" encoding="UTF-8"?>
<testng-results ignored="0" total="3" passed="3" failed="0" skipped="0">
  <reporter-output>
  </reporter-output>
  <suite started-at="2024-07-09T15:25:55 CEST" name="Default suite" finished-at="2024-07-09T15:26:22 CEST" duration-ms="27820">
    <groups>
    </groups>
    <test started-at="2024-07-09T15:25:55 CEST" name="Default test" finished-at="2024-07-09T15:26:22 CEST" duration-ms="27820">
      <class name="projectSasomangeCreateAd.TestCreateAnAdSasomange">
        <test-method is-config="true" signature="initialization()[pri:0, instance:projectSasomangeCreateAd.TestCreateAnAdSasomange@43dac38f]" started-at="2024-07-09T15:25:55 CEST" name="initialization" finished-at="2024-07-09T15:25:56 CEST" duration-ms="1823" status="PASS">
          <reporter-output>
          </reporter-output>
        </test-method> <!-- initialization -->
        <test-method is-config="true" signature="navigation()[pri:0, instance:projectSasomangeCreateAd.TestCreateAnAdSasomange@43dac38f]" started-at="2024-07-09T15:25:57 CEST" name="navigation" finished-at="2024-07-09T15:25:59 CEST" duration-ms="2352" status="PASS">
          <reporter-output>
          </reporter-output>
        </test-method> <!-- navigation -->
        <test-method signature="testCase1()[pri:0, instance:projectSasomangeCreateAd.TestCreateAnAdSasomange@43dac38f]" started-at="2024-07-09T15:25:59 CEST" name="testCase1" finished-at="2024-07-09T15:26:05 CEST" duration-ms="5829" status="PASS">
          <reporter-output>
          </reporter-output>
        </test-method> <!-- testCase1 -->
        <test-method is-config="true" signature="deleteCookie()[pri:0, instance:projectSasomangeCreateAd.TestCreateAnAdSasomange@43dac38f]" started-at="2024-07-09T15:26:05 CEST" name="deleteCookie" finished-at="2024-07-09T15:26:05 CEST" duration-ms="120" status="PASS">
          <reporter-output>
          </reporter-output>
        </test-method> <!-- deleteCookie -->
        <test-method is-config="true" signature="navigation()[pri:0, instance:projectSasomangeCreateAd.TestCreateAnAdSasomange@43dac38f]" started-at="2024-07-09T15:26:05 CEST" name="navigation" finished-at="2024-07-09T15:26:06 CEST" duration-ms="1057" status="PASS">
          <reporter-output>
          </reporter-output>
        </test-method> <!-- navigation -->
        <test-method signature="testCase2()[pri:0, instance:projectSasomangeCreateAd.TestCreateAnAdSasomange@43dac38f]" started-at="2024-07-09T15:26:06 CEST" name="testCase2" finished-at="2024-07-09T15:26:13 CEST" duration-ms="7050" status="PASS">
          <reporter-output>
          </reporter-output>
        </test-method> <!-- testCase2 -->
        <test-method is-config="true" signature="deleteCookie()[pri:0, instance:projectSasomangeCreateAd.TestCreateAnAdSasomange@43dac38f]" started-at="2024-07-09T15:26:13 CEST" name="deleteCookie" finished-at="2024-07-09T15:26:13 CEST" duration-ms="141" status="PASS">
          <reporter-output>
          </reporter-output>
        </test-method> <!-- deleteCookie -->
        <test-method is-config="true" signature="navigation()[pri:0, instance:projectSasomangeCreateAd.TestCreateAnAdSasomange@43dac38f]" started-at="2024-07-09T15:26:13 CEST" name="navigation" finished-at="2024-07-09T15:26:14 CEST" duration-ms="1110" status="PASS">
          <reporter-output>
          </reporter-output>
        </test-method> <!-- navigation -->
        <test-method signature="testCase3()[pri:0, instance:projectSasomangeCreateAd.TestCreateAnAdSasomange@43dac38f]" started-at="2024-07-09T15:26:14 CEST" name="testCase3" finished-at="2024-07-09T15:26:22 CEST" duration-ms="7816" status="PASS">
          <reporter-output>
          </reporter-output>
        </test-method> <!-- testCase3 -->
        <test-method is-config="true" signature="deleteCookie()[pri:0, instance:projectSasomangeCreateAd.TestCreateAnAdSasomange@43dac38f]" started-at="2024-07-09T15:26:22 CEST" name="deleteCookie" finished-at="2024-07-09T15:26:22 CEST" duration-ms="236" status="PASS">
          <reporter-output>
          </reporter-output>
        </test-method> <!-- deleteCookie -->
        <test-method is-config="true" signature="closeDriver()[pri:0, instance:projectSasomangeCreateAd.TestCreateAnAdSasomange@43dac38f]" started-at="2024-07-09T15:26:22 CEST" name="closeDriver" finished-at="2024-07-09T15:26:22 CEST" duration-ms="235" status="PASS">
          <reporter-output>
          </reporter-output>
        </test-method> <!-- closeDriver -->
      </class> <!-- projectSasomangeCreateAd.TestCreateAnAdSasomange -->
    </test> <!-- Default test -->
  </suite> <!-- Default suite -->
</testng-results>
