<?xml version="1.0" encoding="UTF-8"?>
<testng-results ignored="6" total="7" passed="1" failed="0" skipped="0">
  <reporter-output>
  </reporter-output>
  <suite started-at="2024-07-16T22:21:43 CEST" name="Default suite" finished-at="2024-07-16T22:21:57 CEST" duration-ms="13655">
    <groups>
    </groups>
    <test started-at="2024-07-16T22:21:43 CEST" name="Default test" finished-at="2024-07-16T22:21:57 CEST" duration-ms="13655">
      <class name="projectIndianRailways.TestIndianRailwaysClass">
        <test-method is-config="true" signature="initialization()[pri:0, instance:projectIndianRailways.TestIndianRailwaysClass@7c711375]" started-at="2024-07-16T22:21:43 CEST" name="initialization" finished-at="2024-07-16T22:21:45 CEST" duration-ms="1994" status="PASS">
          <reporter-output>
          </reporter-output>
        </test-method> <!-- initialization -->
        <test-method is-config="true" signature="navigation()[pri:0, instance:projectIndianRailways.TestIndianRailwaysClass@7c711375]" started-at="2024-07-16T22:21:45 CEST" name="navigation" finished-at="2024-07-16T22:21:51 CEST" duration-ms="6128" status="PASS">
          <reporter-output>
          </reporter-output>
        </test-method> <!-- navigation -->
        <test-method signature="fillOutLoginFormPageAndBookTicket4()[pri:0, instance:projectIndianRailways.TestIndianRailwaysClass@7c711375]" started-at="2024-07-16T22:21:51 CEST" name="fillOutLoginFormPageAndBookTicket4" finished-at="2024-07-16T22:21:57 CEST" duration-ms="5424" status="PASS">
          <reporter-output>
          </reporter-output>
        </test-method> <!-- fillOutLoginFormPageAndBookTicket4 -->
        <test-method is-config="true" signature="deleteCookie()[pri:0, instance:projectIndianRailways.TestIndianRailwaysClass@7c711375]" started-at="2024-07-16T22:21:57 CEST" name="deleteCookie" finished-at="2024-07-16T22:21:57 CEST" duration-ms="59" status="PASS">
          <reporter-output>
          </reporter-output>
        </test-method> <!-- deleteCookie -->
      </class> <!-- projectIndianRailways.TestIndianRailwaysClass -->
    </test> <!-- Default test -->
  </suite> <!-- Default suite -->
</testng-results>
