<?xml version="1.0" encoding="UTF-8"?>
<!-- Generated by org.testng.reporters.JUnitXMLReporter -->
<testsuite ignored="1" hostname="Damjan" failures="0" tests="1" name="Default test" time="4.199" errors="0" timestamp="2024-07-18T09:57:19 CEST">
  <testcase classname="projectMyStore.TestScript" name="verifyTitleOnTheSecondPageOfItem" time="0.452"/>
  <testcase classname="projectMyStore.TestScript" name="verifyPriceOnTheSecondPageOfItem" time="0.0">
    <ignored/>
  </testcase> <!-- verifyPriceOnTheSecondPageOfItem -->
</testsuite> <!-- Default test -->
