<?xml version="1.0" encoding="UTF-8"?>
<!-- Generated by org.testng.reporters.JUnitXMLReporter -->
<testsuite ignored="0" hostname="Damjan" failures="0" tests="3" name="Default test" time="10.268" errors="0" timestamp="2024-06-25T14:49:50 CEST">
  <testcase classname="projectMyStore.TestScript" name="verifyIframeOnTheSecondPage" time="4.941"/>
  <testcase classname="projectMyStore.TestScript" name="verifyPriceOnTheSecondPageOfItem" time="0.384"/>
  <testcase classname="projectMyStore.TestScript" name="verifyTitleOnTheSecondPageOfItem" time="0.38"/>
</testsuite> <!-- Default test -->
